{"/home/qais/codefellows301/data-structures-and-algorithms/javascript/arrayShift/array-shift.js": {"path":"/home/qais/codefellows301/data-structures-and-algorithms/javascript/arrayShift/array-shift.js","statementMap":{"0":{"start":{"line":5,"column":17},"end":{"line":5,"column":29}},"1":{"start":{"line":6,"column":4},"end":{"line":8,"column":5}},"2":{"start":{"line":7,"column":8},"end":{"line":7,"column":16}},"3":{"start":{"line":10,"column":18},"end":{"line":10,"column":38}},"4":{"start":{"line":11,"column":18},"end":{"line":11,"column":48}},"5":{"start":{"line":13,"column":4},"end":{"line":13,"column":23}},"6":{"start":{"line":15,"column":4},"end":{"line":17,"column":7}},"7":{"start":{"line":16,"column":8},"end":{"line":16,"column":25}},"8":{"start":{"line":18,"column":4},"end":{"line":18,"column":19}},"9":{"start":{"line":21,"column":0},"end":{"line":21,"column":34}}},"fnMap":{"0":{"name":"insertShiftArray","decl":{"start":{"line":3,"column":9},"end":{"line":3,"column":25}},"loc":{"start":{"line":3,"column":38},"end":{"line":19,"column":1}},"line":3},"1":{"name":"(anonymous_1)","decl":{"start":{"line":15,"column":20},"end":{"line":15,"column":21}},"loc":{"start":{"line":15,"column":27},"end":{"line":17,"column":5}},"line":15}},"branchMap":{"0":{"loc":{"start":{"line":6,"column":4},"end":{"line":8,"column":5}},"type":"if","locations":[{"start":{"line":6,"column":4},"end":{"line":8,"column":5}},{"start":{"line":6,"column":4},"end":{"line":8,"column":5}}],"line":6}},"s":{"0":4,"1":4,"2":2,"3":4,"4":4,"5":4,"6":4,"7":8,"8":4,"9":2},"f":{"0":4,"1":8},"b":{"0":[2,2]},"_coverageSchema":"1a1c01bbd47fc00a2c39e90264f33305004495a9","hash":"e8f48c50c685b853146b2126d660d3a91bd689a6"}
,"/home/qais/codefellows301/data-structures-and-algorithms/javascript/code-challenges/reverse-ll/reverse-ll.js": {"path":"/home/qais/codefellows301/data-structures-and-algorithms/javascript/code-challenges/reverse-ll/reverse-ll.js","statementMap":{"0":{"start":{"line":4,"column":19},"end":{"line":4,"column":47}},"1":{"start":{"line":12,"column":0},"end":{"line":16,"column":1}},"2":{"start":{"line":14,"column":2},"end":{"line":14,"column":14}}},"fnMap":{"0":{"name":"reverse","decl":{"start":{"line":12,"column":26},"end":{"line":12,"column":33}},"loc":{"start":{"line":12,"column":40},"end":{"line":16,"column":1}},"line":12}},"branchMap":{},"s":{"0":1,"1":1,"2":1},"f":{"0":1},"b":{},"_coverageSchema":"1a1c01bbd47fc00a2c39e90264f33305004495a9","hash":"580537fbe31a86f5d98380231e70398d31457f68"}
,"/home/qais/codefellows301/data-structures-and-algorithms/javascript/linked-list/index.js": {"path":"/home/qais/codefellows301/data-structures-and-algorithms/javascript/linked-list/index.js","statementMap":{"0":{"start":{"line":7,"column":0},"end":{"line":7,"column":28}}},"fnMap":{},"branchMap":{},"s":{"0":1},"f":{},"b":{},"_coverageSchema":"1a1c01bbd47fc00a2c39e90264f33305004495a9","hash":"599f90dca370442f2dfbd85cfa8425328e549883"}
}
