TN:
SF:javascript/arrayShift/array-shift.js
FN:3,insertShiftArray
FN:15,(anonymous_1)
FNF:2
FNH:2
FNDA:4,insertShiftArray
FNDA:8,(anonymous_1)
DA:5,4
DA:6,4
DA:7,2
DA:10,4
DA:11,4
DA:13,4
DA:15,4
DA:16,8
DA:18,4
DA:21,2
LF:10
LH:10
BRDA:6,0,0,2
BRDA:6,0,1,2
BRF:2
BRH:2
end_of_record
TN:
SF:javascript/code-challenges/reverse-ll/reverse-ll.js
FN:12,reverse
FNF:1
FNH:1
FNDA:1,reverse
DA:4,1
DA:12,1
DA:14,1
LF:3
LH:3
BRF:0
BRH:0
end_of_record
TN:
SF:javascript/linked-list/index.js
FNF:0
FNH:0
DA:7,1
LF:1
LH:1
BRF:0
BRH:0
end_of_record
